C:\USERS\USAGER\DESKTOP\LAB_1_PATRICK_MYRIAM\OPENCVDEFAULT\X64\DEBUG\OPENCVDETECMOV.EXE.INTERMEDIATE.MANIFEST
C:\USERS\USAGER\DESKTOP\LAB_1_PATRICK_MYRIAM\OPENCVDEFAULT\X64\DEBUG\OPENCVDETECMOV.OBJ
C:\USERS\USAGER\DESKTOP\LAB_1_PATRICK_MYRIAM\OPENCVDEFAULT\X64\DEBUG\OPENCVDETECMOV.PCH
C:\USERS\USAGER\DESKTOP\LAB_1_PATRICK_MYRIAM\OPENCVDEFAULT\X64\DEBUG\STDAFX.OBJ
C:\USERS\USAGER\DESKTOP\LAB_1_PATRICK_MYRIAM\OPENCVDEFAULT\X64\DEBUG\VC100.PDB
C:\USERS\USAGER\DESKTOP\LAB_1_PATRICK_MYRIAM\X64\DEBUG\OPENCVDETECMOV.EXE
C:\USERS\USAGER\DESKTOP\LAB_1_PATRICK_MYRIAM\X64\DEBUG\OPENCVDETECMOV.PDB
C:\USERS\USAGER\DESKTOP\LAB_2_PATRICK_MYRIAM\LAB_2_PATRICK_MYRIAM\OPENCVDEFAULT\X64\DEBUG\OPENCVDETECMOV.EXE.INTERMEDIATE.MANIFEST
C:\USERS\USAGER\DESKTOP\LAB_2_PATRICK_MYRIAM\LAB_2_PATRICK_MYRIAM\OPENCVDEFAULT\X64\DEBUG\OPENCVDETECMOV.OBJ
C:\USERS\USAGER\DESKTOP\LAB_2_PATRICK_MYRIAM\LAB_2_PATRICK_MYRIAM\OPENCVDEFAULT\X64\DEBUG\OPENCVDETECMOV.PCH
C:\USERS\USAGER\DESKTOP\LAB_2_PATRICK_MYRIAM\LAB_2_PATRICK_MYRIAM\OPENCVDEFAULT\X64\DEBUG\STDAFX.OBJ
C:\USERS\USAGER\DESKTOP\LAB_2_PATRICK_MYRIAM\LAB_2_PATRICK_MYRIAM\OPENCVDEFAULT\X64\DEBUG\TRAITEMENT.OBJ
C:\USERS\USAGER\DESKTOP\LAB_2_PATRICK_MYRIAM\LAB_2_PATRICK_MYRIAM\OPENCVDEFAULT\X64\DEBUG\VC100.PDB
C:\USERS\USAGER\DESKTOP\LAB_2_PATRICK_MYRIAM\LAB_2_PATRICK_MYRIAM\X64\DEBUG\OPENCVDETECMOV.EXE
C:\USERS\USAGER\DESKTOP\LAB_2_PATRICK_MYRIAM\LAB_2_PATRICK_MYRIAM\X64\DEBUG\OPENCVDETECMOV.PDB
C:\USERS\USAGER\DESKTOP\LAB_2_PATRICK_MYRIAM\OPENCVDEFAULT\X64\DEBUG\OPENCVDETECMOV.EXE.INTERMEDIATE.MANIFEST
C:\USERS\USAGER\DESKTOP\LAB_2_PATRICK_MYRIAM\OPENCVDEFAULT\X64\DEBUG\OPENCVDETECMOV.OBJ
C:\USERS\USAGER\DESKTOP\LAB_2_PATRICK_MYRIAM\OPENCVDEFAULT\X64\DEBUG\OPENCVDETECMOV.PCH
C:\USERS\USAGER\DESKTOP\LAB_2_PATRICK_MYRIAM\OPENCVDEFAULT\X64\DEBUG\STDAFX.OBJ
C:\USERS\USAGER\DESKTOP\LAB_2_PATRICK_MYRIAM\OPENCVDEFAULT\X64\DEBUG\TRAITEMENT.OBJ
C:\USERS\USAGER\DESKTOP\LAB_2_PATRICK_MYRIAM\OPENCVDEFAULT\X64\DEBUG\VC100.PDB
C:\USERS\USAGER\DESKTOP\LAB_2_PATRICK_MYRIAM\X64\DEBUG\OPENCVDETECMOV.EXE
C:\USERS\USAGER\DESKTOP\LAB_2_PATRICK_MYRIAM\X64\DEBUG\OPENCVDETECMOV.PDB
C:\Users\Usager\Desktop\Lab_2_Patrick_Myriam_advanced\Lab_2_Patrick_Myriam\OpenCVDefault\x64\Debug\cl.command.1.tlog
C:\Users\Usager\Desktop\Lab_2_Patrick_Myriam_advanced\Lab_2_Patrick_Myriam\OpenCVDefault\x64\Debug\CL.read.1.tlog
C:\Users\Usager\Desktop\Lab_2_Patrick_Myriam_advanced\Lab_2_Patrick_Myriam\OpenCVDefault\x64\Debug\CL.write.1.tlog
C:\Users\Usager\Desktop\Lab_2_Patrick_Myriam_advanced\Lab_2_Patrick_Myriam\OpenCVDefault\x64\Debug\link.command.1.tlog
C:\Users\Usager\Desktop\Lab_2_Patrick_Myriam_advanced\Lab_2_Patrick_Myriam\OpenCVDefault\x64\Debug\link.read.1.tlog
C:\Users\Usager\Desktop\Lab_2_Patrick_Myriam_advanced\Lab_2_Patrick_Myriam\OpenCVDefault\x64\Debug\link.write.1.tlog
C:\Users\Usager\Desktop\Lab_2_Patrick_Myriam_advanced\Lab_2_Patrick_Myriam\OpenCVDefault\x64\Debug\mt.command.1.tlog
C:\Users\Usager\Desktop\Lab_2_Patrick_Myriam_advanced\Lab_2_Patrick_Myriam\OpenCVDefault\x64\Debug\mt.read.1.tlog
C:\Users\Usager\Desktop\Lab_2_Patrick_Myriam_advanced\Lab_2_Patrick_Myriam\OpenCVDefault\x64\Debug\mt.write.1.tlog
C:\Users\Usager\Desktop\Lab_2_Patrick_Myriam_advanced\Lab_2_Patrick_Myriam\OpenCVDefault\x64\Debug\OpenCVDefault.vcxprojResolveAssemblyReference.cache
C:\USERS\USAGER\DESKTOP\LAB_2_PATRICK_MYRIAM_ADVANCED\LAB_2_PATRICK_MYRIAM\OPENCVDEFAULT\X64\DEBUG\OPENCVDETECMOV.EXE.INTERMEDIATE.MANIFEST
C:\USERS\USAGER\DESKTOP\LAB_2_PATRICK_MYRIAM_ADVANCED\LAB_2_PATRICK_MYRIAM\OPENCVDEFAULT\X64\DEBUG\OPENCVDETECMOV.OBJ
C:\USERS\USAGER\DESKTOP\LAB_2_PATRICK_MYRIAM_ADVANCED\LAB_2_PATRICK_MYRIAM\OPENCVDEFAULT\X64\DEBUG\OPENCVDETECMOV.PCH
C:\Users\Usager\Desktop\Lab_2_Patrick_Myriam_advanced\Lab_2_Patrick_Myriam\OpenCVDefault\x64\Debug\OpenCVDetecMov.write.1.tlog
C:\USERS\USAGER\DESKTOP\LAB_2_PATRICK_MYRIAM_ADVANCED\LAB_2_PATRICK_MYRIAM\OPENCVDEFAULT\X64\DEBUG\STDAFX.OBJ
C:\USERS\USAGER\DESKTOP\LAB_2_PATRICK_MYRIAM_ADVANCED\LAB_2_PATRICK_MYRIAM\OPENCVDEFAULT\X64\DEBUG\TRAITEMENT.OBJ
C:\Users\Usager\Desktop\Lab_2_Patrick_Myriam_advanced\Lab_2_Patrick_Myriam\OpenCVDefault\x64\Debug\vc100.idb
C:\USERS\USAGER\DESKTOP\LAB_2_PATRICK_MYRIAM_ADVANCED\LAB_2_PATRICK_MYRIAM\OPENCVDEFAULT\X64\DEBUG\VC100.PDB
C:\USERS\USAGER\DESKTOP\LAB_2_PATRICK_MYRIAM_ADVANCED\LAB_2_PATRICK_MYRIAM\X64\DEBUG\OPENCVDETECMOV.EXE
C:\USERS\USAGER\DESKTOP\LAB_2_PATRICK_MYRIAM_ADVANCED\LAB_2_PATRICK_MYRIAM\X64\DEBUG\OPENCVDETECMOV.PDB
