La génération a démarré 2015-02-17 15:11:18.
     1>Projet "C:\Users\Usager\Desktop\Lab_2_Patrick_Myriam_advanced\Lab_2_Patrick_Myriam\OpenCVDefault\OpenCVDefault.vcxproj" sur le nœud 2 (build cible(s)).
     1>InitializeBuildStatus:
         Création de "x64\Debug\OpenCVDetecMov.unsuccessfulbuild", car "AlwaysCreate" a été spécifié.
       ClCompile:
         Toutes les sorties sont à jour.
         C:\Program Files (x86)\Microsoft Visual Studio 10.0\VC\bin\x86_amd64\CL.exe /c /I"C:\Program Files\NVIDIA GPU Computing Toolkit\CUDA\v6.0\include" /I\..\..\include /IC:\opencv\build\include\ /Zi /nologo /W3 /WX- /Od /D WIN32 /D _DEBUG /D _CONSOLE /D _UNICODE /D UNICODE /Gm /EHsc /RTC1 /MDd /GS /fp:precise /Zc:wchar_t /Zc:forScope /Yu"StdAfx.h" /Fp"x64\Debug\OpenCVDetecMov.pch" /Fo"x64\Debug\\" /Fd"x64\Debug\vc100.pdb" /Gd /TP /errorReport:prompt Traitement.cpp
         Traitement.cpp
     1>Traitement.cpp(63): warning C4244: '=' : conversion de 'double' en 'int', perte possible de données
     1>Traitement.cpp(64): warning C4244: '=' : conversion de 'double' en 'int', perte possible de données
     1>Traitement.cpp(75): warning C4244: 'initialisation' : conversion de 'double' en 'int', perte possible de données
     1>Traitement.cpp(76): warning C4244: '=' : conversion de 'double' en 'int', perte possible de données
     1>Traitement.cpp(80): warning C4996: 'sprintf': This function or variable may be unsafe. Consider using sprintf_s instead. To disable deprecation, use _CRT_SECURE_NO_WARNINGS. See online help for details.
                 C:\Program Files (x86)\Microsoft Visual Studio 10.0\VC\include\stdio.h(371) : voir la déclaration de 'sprintf'
     1>Traitement.cpp(312): warning C4996: 'sprintf': This function or variable may be unsafe. Consider using sprintf_s instead. To disable deprecation, use _CRT_SECURE_NO_WARNINGS. See online help for details.
                 C:\Program Files (x86)\Microsoft Visual Studio 10.0\VC\include\stdio.h(371) : voir la déclaration de 'sprintf'
       Link:
         C:\Program Files (x86)\Microsoft Visual Studio 10.0\VC\bin\x86_amd64\link.exe /ERRORREPORT:PROMPT /OUT:"C:\Users\Usager\Desktop\Lab_2_Patrick_Myriam_advanced\Lab_2_Patrick_Myriam\x64\Debug\OpenCVDetecMov.exe" /INCREMENTAL:NO /NOLOGO /LIBPATH:\lib /LIBPATH:C:\opencv\build\x64\vc10\lib /LIBPATH:"C:\Program Files\NVIDIA GPU Computing Toolkit\CUDA\v6.0\lib\x64" opencv_core249d.lib opencv_imgproc249d.lib opencv_highgui249d.lib opencv_ml249d.lib opencv_video249d.lib opencv_features2d249d.lib opencv_calib3d249d.lib opencv_objdetect249d.lib opencv_contrib249d.lib opencv_legacy249d.lib opencv_flann249d.lib cudart.lib kernel32.lib user32.lib gdi32.lib winspool.lib comdlg32.lib advapi32.lib shell32.lib ole32.lib oleaut32.lib uuid.lib odbc32.lib odbccp32.lib /MANIFEST /ManifestFile:"x64\Debug\OpenCVDetecMov.exe.intermediate.manifest" /MANIFESTUAC:"level='asInvoker' uiAccess='false'" /DEBUG /PDB:"C:\Users\Usager\Desktop\Lab_2_Patrick_Myriam_advanced\Lab_2_Patrick_Myriam\x64\Debug\OpenCVDetecMov.pdb" /SUBSYSTEM:CONSOLE /TLBID:1 /DYNAMICBASE /NXCOMPAT /IMPLIB:"C:\Users\Usager\Desktop\Lab_2_Patrick_Myriam_advanced\Lab_2_Patrick_Myriam\x64\Debug\OpenCVDetecMov.lib" /MACHINE:X64 x64\Debug\OpenCVDetecMov.obj
         x64\Debug\stdafx.obj
         x64\Debug\Traitement.obj
         OpenCVDefault.vcxproj -> C:\Users\Usager\Desktop\Lab_2_Patrick_Myriam_advanced\Lab_2_Patrick_Myriam\x64\Debug\OpenCVDetecMov.exe
       Manifest:
         c:\Program Files (x86)\Microsoft SDKs\Windows\v7.0A\bin\mt.exe /nologo /verbose /outputresource:"C:\Users\Usager\Desktop\Lab_2_Patrick_Myriam_advanced\Lab_2_Patrick_Myriam\x64\Debug\OpenCVDetecMov.exe;#1" /manifest x64\Debug\OpenCVDetecMov.exe.intermediate.manifest
       FinalizeBuildStatus:
         Suppression du fichier "x64\Debug\OpenCVDetecMov.unsuccessfulbuild".
         Mise à jour de l'horodatage "x64\Debug\OpenCVDetecMov.lastbuildstate".
     1>Génération du projet "C:\Users\Usager\Desktop\Lab_2_Patrick_Myriam_advanced\Lab_2_Patrick_Myriam\OpenCVDefault\OpenCVDefault.vcxproj" terminée (build cible(s)).

La génération a réussi.

Temps écoulé 00:00:01.36
